This is pdfTeX, Version 3.14159265-2.6-1.40.18 (TeX Live 2017/Debian) (preloaded format=pdflatex 2020.2.17)  1 APR 2020 21:13
entering extended mode
 restricted \write18 enabled.
 %&-line parsing enabled.
**hnl-v1.tex
(./hnl-v1.tex
LaTeX2e <2017-04-15>
Babel <3.18> and hyphenation patterns for 84 language(s) loaded.
(/usr/share/texlive/texmf-dist/tex/latex/revtex4/revtex4.cls
Document Class: revtex4 2001/08/02 v4.0 (http://publish.aps.org/revtex4/ for do
cumentation)
 Copyright (c) 2001 The American Physical Society.
 mailto:revtex@aps.org
 Licensed under the LPPL:
http://www.ctan.org/tex-archive/macros/latex/base/lppl.txt
 Arthur Ogawa <ogawa@teleport.com>
 Based on work by David Carlisle <david@dcarlisle.demon.co.uk>.
ltxutil: portions licensed from W. E. Baxter (web@superscript.com)
Class revtex4 Info: Repairing broken LateX \@sect on input line 596.
\intertabularlinepenalty=\count79
\@tbpen=\count80
\@arstrutbox@hline=\box26
Class revtex4 Info: Repairing broken LaTeX \@xbitor on input line 1610.
ltxgrid: portions licensed from W. E. Baxter (web@superscript.com)
\c@linecount=\count81
\output=\toks14
\@protection@box=\box27
\@topmark@saved=\toks15
\footins@saved=\box28
\pagesofar=\box29
\footbox=\box30
\pagegrid@col=\count82
Class revtex4 Info: Incorporating package {textcase}  [1998/11/12 v0.06 Text on
ly upper/lower case changing (DPC)]. on input line 3682.
(/usr/share/texlive/texmf-dist/tex/latex/url/url.sty
\Urlmuskip=\muskip10
Package: url 2013/09/16  ver 3.4  Verb mode for urls, etc.
)
\c@affil=\count83
\absbox=\box31
\c@part=\count84
\c@section=\count85
\c@subsection=\count86
\c@subsubsection=\count87
\c@paragraph=\count88
\c@subparagraph=\count89
\abovecaptionskip=\skip41
\belowcaptionskip=\skip42
\c@figure=\count90
\c@table=\count91

(/usr/share/texlive/texmf-dist/tex/latex/natbib/natbib.sty
Package: natbib 2010/09/13 8.31b (PWD, AO)
\bibhang=\skip43
\bibsep=\skip44
LaTeX Info: Redefining \cite on input line 694.
\c@NAT@ctr=\count92
)
\widetext@top=\box32
\widetext@bot=\box33

(/usr/share/texlive/texmf-dist/tex/latex/revtex4/revsymb.sty
Package: revsymb 2001/08/02 v4.0 (http://publish.aps.org/revtex4/ for documenta
tion)
LaTeX Info: Redefining \REV@mathfrak on input line 118.
))
(/usr/share/texlive/texmf-dist/tex/latex/amsfonts/amssymb.sty
Package: amssymb 2013/01/14 v3.01 AMS font symbols

(/usr/share/texlive/texmf-dist/tex/latex/amsfonts/amsfonts.sty
Package: amsfonts 2013/01/14 v3.01 Basic AMSFonts support
\@emptytoks=\toks16
\symAMSa=\mathgroup4
\symAMSb=\mathgroup5
LaTeX Font Info:    Overwriting math alphabet `\mathfrak' in version `bold'
(Font)                  U/euf/m/n --> U/euf/b/n on input line 106.
LaTeX Info: Redefining \frak on input line 111.
LaTeX Info: Redefining \Bbb on input line 113.
))
(/usr/share/texlive/texmf-dist/tex/latex/amsmath/amsmath.sty
Package: amsmath 2017/09/02 v2.17a AMS math features
\@mathmargin=\skip45

For additional information on amsmath, use the `?' option.
(/usr/share/texlive/texmf-dist/tex/latex/amsmath/amstext.sty
Package: amstext 2000/06/29 v2.01 AMS text

(/usr/share/texlive/texmf-dist/tex/latex/amsmath/amsgen.sty
File: amsgen.sty 1999/11/30 v2.0 generic functions
\@emptytoks=\toks17
\ex@=\dimen102
))
(/usr/share/texlive/texmf-dist/tex/latex/amsmath/amsbsy.sty
Package: amsbsy 1999/11/29 v1.2d Bold Symbols
\pmbraise@=\dimen103
)
(/usr/share/texlive/texmf-dist/tex/latex/amsmath/amsopn.sty
Package: amsopn 2016/03/08 v2.02 operator names
)
\inf@bad=\count93
LaTeX Info: Redefining \frac on input line 213.
\uproot@=\count94
\leftroot@=\count95
LaTeX Info: Redefining \overline on input line 375.
\classnum@=\count96
\DOTSCASE@=\count97
LaTeX Info: Redefining \ldots on input line 472.
LaTeX Info: Redefining \dots on input line 475.
LaTeX Info: Redefining \cdots on input line 596.
\Mathstrutbox@=\box34
\strutbox@=\box35
\big@size=\dimen104
LaTeX Font Info:    Redeclaring font encoding OML on input line 712.
LaTeX Font Info:    Redeclaring font encoding OMS on input line 713.
\macc@depth=\count98
\c@MaxMatrixCols=\count99
\dotsspace@=\muskip11
\c@parentequation=\count100
\dspbrk@lvl=\count101
\tag@help=\toks18
\row@=\count102
\column@=\count103
\maxfields@=\count104
\andhelp@=\toks19
\eqnshift@=\dimen105
\alignsep@=\dimen106
\tagshift@=\dimen107
\tagwidth@=\dimen108
\totwidth@=\dimen109
\lineht@=\dimen110
\@envbody=\toks20
\multlinegap=\skip46
\multlinetaggap=\skip47
\mathdisplay@stack=\toks21
LaTeX Info: Redefining \[ on input line 2817.
LaTeX Info: Redefining \] on input line 2818.
)
(/usr/share/texlive/texmf-dist/tex/latex/revtex4/aps.rtx
File: aps.rtx 2001/08/02 v4.0 (http://publish.aps.org/revtex4/ for documentatio
n)
)
(/usr/share/texlive/texmf-dist/tex/latex/revtex4/10pt.rtx
File: 10pt.rtx 2001/08/02 v4.0 (http://publish.aps.org/revtex4/ for documentati
on)
)
(/usr/share/texlive/texmf-dist/tex/latex/soul/soul.sty
Package: soul 2003/11/17 v2.4 letterspacing/underlining (mf)
\SOUL@word=\toks22
\SOUL@lasttoken=\toks23
\SOUL@cmds=\toks24
\SOUL@buffer=\toks25
\SOUL@token=\toks26
\SOUL@spaceskip=\skip48
\SOUL@ttwidth=\dimen111
\SOUL@uldp=\dimen112
\SOUL@ulht=\dimen113
)
(/usr/share/texlive/texmf-dist/tex/latex/graphics/graphicx.sty
Package: graphicx 2017/06/01 v1.1a Enhanced LaTeX Graphics (DPC,SPQR)

(/usr/share/texlive/texmf-dist/tex/latex/graphics/keyval.sty
Package: keyval 2014/10/28 v1.15 key=value parser (DPC)
\KV@toks@=\toks27
)
(/usr/share/texlive/texmf-dist/tex/latex/graphics/graphics.sty
Package: graphics 2017/06/25 v1.2c Standard LaTeX Graphics (DPC,SPQR)

(/usr/share/texlive/texmf-dist/tex/latex/graphics/trig.sty
Package: trig 2016/01/03 v1.10 sin cos tan (DPC)
)
(/usr/share/texlive/texmf-dist/tex/latex/graphics-cfg/graphics.cfg
File: graphics.cfg 2016/06/04 v1.11 sample graphics configuration
)
Package graphics Info: Driver file: pdftex.def on input line 99.

(/usr/share/texlive/texmf-dist/tex/latex/graphics-def/pdftex.def
File: pdftex.def 2018/01/08 v1.0l Graphics/color driver for pdftex
))
\Gin@req@height=\dimen114
\Gin@req@width=\dimen115
)
(/usr/share/texlive/texmf-dist/tex/latex/graphics/color.sty
Package: color 2016/07/10 v1.1e Standard LaTeX Color (DPC)

(/usr/share/texlive/texmf-dist/tex/latex/graphics-cfg/color.cfg
File: color.cfg 2016/01/02 v1.6 sample color configuration
)
Package color Info: Driver file: pdftex.def on input line 147.
)
(/usr/share/texlive/texmf-dist/tex/generic/ulem/ulem.sty
\UL@box=\box36
\UL@hyphenbox=\box37
\UL@skip=\skip49
\UL@hook=\toks28
\UL@height=\dimen116
\UL@pe=\count105
\UL@pixel=\dimen117
\ULC@box=\box38
Package: ulem 2012/05/18
\ULdepth=\dimen118
)
(/usr/share/texlive/texmf-dist/tex/latex/float/float.sty
Package: float 2001/11/08 v1.3d Float enhancements (AL)
\c@float@type=\count106
\float@exts=\toks29
\float@box=\box39
\@float@everytoks=\toks30
\@floatcapt=\box40
)
(/usr/share/texlive/texmf-dist/tex/latex/lipsum/lipsum.sty
Package: lipsum 2014/07/27 v1.3 150 paragraphs of Lorem Ipsum dummy text
\c@lips@count=\count107
)
(/usr/share/texlive/texmf-dist/tex/latex/tools/array.sty
Package: array 2016/10/06 v2.4d Tabular extension package (FMi)
\col@sep=\dimen119
\extrarowheight=\dimen120
\NC@list=\toks31
\extratabsurround=\skip50
\backup@length=\skip51
)
(/usr/share/texlive/texmf-dist/tex/latex/caption/subcaption.sty
Package: subcaption 2016/05/22 v1.1-161 Sub-captions (AR)

(/usr/share/texlive/texmf-dist/tex/latex/caption/caption.sty
Package: caption 2016/02/21 v3.3-144 Customizing captions (AR)

(/usr/share/texlive/texmf-dist/tex/latex/caption/caption3.sty
Package: caption3 2016/05/22 v1.7-166 caption3 kernel (AR)
Package caption3 Info: TeX engine: e-TeX on input line 67.
\captionmargin=\dimen121
\captionmargin@=\dimen122
\captionwidth=\dimen123
\caption@tempdima=\dimen124
\caption@indent=\dimen125
\caption@parindent=\dimen126
\caption@hangindent=\dimen127
Package caption Info: Unknown document class (or package),
(caption)             standard defaults will be used.
)

Package caption Warning: Unsupported document class (or package) detected,
(caption)                usage of the caption package is not recommended.
See the caption package documentation for explanation.

Package caption Info: \@makecaption = \long macro:#1#2->\par \vskip \abovecapti
onskip \begingroup \small \rmfamily \sbox \@tempboxa {\let \\\heading@cr #1: #2
}\@ifdim {\wd \@tempboxa >\hsize }{\begingroup \samepage \flushing \let \footno
te \@footnotemark@gobble #1: #2\par \endgroup }{\global \@minipagefalse \hb@xt@
 \hsize {\hfil \unhbox \@tempboxa \hfil }}\endgroup \vskip \belowcaptionskip .
\c@ContinuedFloat=\count108
Package caption Info: float package is loaded.
)
\c@subfigure=\count109
\c@subtable=\count110
) (/usr/share/texlive/texmf-dist/tex/latex/multirow/multirow.sty
Package: multirow 2016/11/25 v2.2 Span multiple rows of a table
\multirow@colwidth=\skip52
\multirow@cntb=\count111
\multirow@dima=\skip53
\bigstrutjot=\dimen128
)
(./hnl-v1.aux)
\openout1 = `hnl-v1.aux'.

LaTeX Font Info:    Checking defaults for OML/cmm/m/it on input line 29.
LaTeX Font Info:    ... okay on input line 29.
LaTeX Font Info:    Checking defaults for T1/cmr/m/n on input line 29.
LaTeX Font Info:    ... okay on input line 29.
LaTeX Font Info:    Checking defaults for OT1/cmr/m/n on input line 29.
LaTeX Font Info:    ... okay on input line 29.
LaTeX Font Info:    Checking defaults for OMS/cmsy/m/n on input line 29.
LaTeX Font Info:    ... okay on input line 29.
LaTeX Font Info:    Checking defaults for OMX/cmex/m/n on input line 29.
LaTeX Font Info:    ... okay on input line 29.
LaTeX Font Info:    Checking defaults for U/cmr/m/n on input line 29.
LaTeX Font Info:    ... okay on input line 29.
Class revtex4 Info: Unrecognized array package. Please update this document cla
ss! (Proceeding with fingers crossed.) on input line 29.
Class revtex4 Info: cite was not loaded (OK!) on input line 29.
Class revtex4 Info: multicol was not loaded (OK!) on input line 29.

(/usr/share/texlive/texmf-dist/tex/context/base/mkii/supp-pdf.mkii
[Loading MPS to PDF converter (version 2006.09.02).]
\scratchcounter=\count112
\scratchdimen=\dimen129
\scratchbox=\box41
\nofMPsegments=\count113
\nofMParguments=\count114
\everyMPshowfont=\toks32
\MPscratchCnt=\count115
\MPscratchDim=\dimen130
\MPnumerator=\count116
\makeMPintoPDFobject=\count117
\everyMPtoPDFconversion=\toks33
) (/usr/share/texlive/texmf-dist/tex/latex/oberdiek/epstopdf-base.sty
Package: epstopdf-base 2016/05/15 v2.6 Base part for package epstopdf

(/usr/share/texlive/texmf-dist/tex/generic/oberdiek/infwarerr.sty
Package: infwarerr 2016/05/16 v1.4 Providing info/warning/error messages (HO)
)
(/usr/share/texlive/texmf-dist/tex/latex/oberdiek/grfext.sty
Package: grfext 2016/05/16 v1.2 Manage graphics extensions (HO)

(/usr/share/texlive/texmf-dist/tex/generic/oberdiek/kvdefinekeys.sty
Package: kvdefinekeys 2016/05/16 v1.4 Define keys (HO)

(/usr/share/texlive/texmf-dist/tex/generic/oberdiek/ltxcmds.sty
Package: ltxcmds 2016/05/16 v1.23 LaTeX kernel commands for general use (HO)
)))
(/usr/share/texlive/texmf-dist/tex/latex/oberdiek/kvoptions.sty
Package: kvoptions 2016/05/16 v3.12 Key value format for package options (HO)

(/usr/share/texlive/texmf-dist/tex/generic/oberdiek/kvsetkeys.sty
Package: kvsetkeys 2016/05/16 v1.17 Key value parser (HO)

(/usr/share/texlive/texmf-dist/tex/generic/oberdiek/etexcmds.sty
Package: etexcmds 2016/05/16 v1.6 Avoid name clashes with e-TeX commands (HO)

(/usr/share/texlive/texmf-dist/tex/generic/oberdiek/ifluatex.sty
Package: ifluatex 2016/05/16 v1.4 Provides the ifluatex switch (HO)
Package ifluatex Info: LuaTeX not detected.
)
Package etexcmds Info: Could not find \expanded.
(etexcmds)             That can mean that you are not using pdfTeX 1.50 or
(etexcmds)             that some package has redefined \expanded.
(etexcmds)             In the latter case, load this package earlier.
)))
(/usr/share/texlive/texmf-dist/tex/generic/oberdiek/pdftexcmds.sty
Package: pdftexcmds 2018/01/21 v0.26 Utility functions of pdfTeX for LuaTeX (HO
)

(/usr/share/texlive/texmf-dist/tex/generic/oberdiek/ifpdf.sty
Package: ifpdf 2017/03/15 v3.2 Provides the ifpdf switch
)
Package pdftexcmds Info: LuaTeX not detected.
Package pdftexcmds Info: \pdf@primitive is available.
Package pdftexcmds Info: \pdf@ifprimitive is available.
Package pdftexcmds Info: \pdfdraftmode found.
)
Package epstopdf-base Info: Redefining graphics rule for `.eps' on input line 4
38.
Package grfext Info: Graphics extension search list:
(grfext)             [.pdf,.png,.jpg,.mps,.jpeg,.jbig2,.jb2,.PDF,.PNG,.JPG,.JPE
G,.JBIG2,.JB2,.eps]
(grfext)             \AppendGraphicsExtensions on input line 456.

(/usr/share/texlive/texmf-dist/tex/latex/latexconfig/epstopdf-sys.cfg
File: epstopdf-sys.cfg 2010/07/13 v1.3 Configuration of (r)epstopdf for TeX Liv
e
))
Package caption Info: Begin \AtBeginDocument code.
Package caption Info: Incompatible package detected (regarding \caption).
(caption)             \caption = macro:->\minipagefootnote@here \ifx \@captype 
\@undefined \@latex@error {\noexpand \caption outside float}\@ehd \expandafter 
\@gobble \else \refstepcounter \@captype \let \@tempf \@caption \expandafter \i
fx \csname @float@c@\@captype \endcsname \relax \else \expandafter \expandafter
 \let \expandafter \@tempf \csname @float@c@\@captype \endcsname \fi \fi \@dbla
rg {\@tempf \@captype }.


Package caption Warning: Forced redefinition of \caption since the
(caption)                unsupported(!) package option `compatibility=false'
(caption)                was given.
See the caption package documentation for explanation.

Package caption Info: End \AtBeginDocument code.
LaTeX Font Info:    Try loading font information for U+msa on input line 41.
(/usr/share/texlive/texmf-dist/tex/latex/amsfonts/umsa.fd
File: umsa.fd 2013/01/14 v3.01 AMS symbols A
)
LaTeX Font Info:    Try loading font information for U+msb on input line 41.

(/usr/share/texlive/texmf-dist/tex/latex/amsfonts/umsb.fd
File: umsb.fd 2013/01/14 v3.01 AMS symbols B
)
LaTeX Font Info:    Try loading font information for OMS+cmr on input line 45.

(/usr/share/texlive/texmf-dist/tex/latex/base/omscmr.fd
File: omscmr.fd 2014/09/29 v2.5h Standard LaTeX font definitions
)
LaTeX Font Info:    Font shape `OMS/cmr/m/n' in size <10> not available
(Font)              Font shape `OMS/cmsy/m/n' tried instead on input line 45.

Underfull \hbox (badness 10000) in paragraph at lines 46--47
 []\OT1/cmr/m/n/10 Falta agre-gar la parametriza-cion de D0
 []

[1{/var/lib/texmf/fonts/map/pdftex/updmap/pdftex.map}]
<plots/plot-fit431xf.pdf, id=21, 301.125pt x 194.7275pt>
File: plots/plot-fit431xf.pdf Graphic file (type pdf)
<use plots/plot-fit431xf.pdf>
Package pdftex.def Info: plots/plot-fit431xf.pdf  used on input line 86.
(pdftex.def)             Requested size: 221.3985pt x 143.17795pt.
<plots/plot-fit431pt2.pdf, id=22, 301.125pt x 194.7275pt>
File: plots/plot-fit431pt2.pdf Graphic file (type pdf)
<use plots/plot-fit431pt2.pdf>
Package pdftex.def Info: plots/plot-fit431pt2.pdf  used on input line 87.
(pdftex.def)             Requested size: 221.3985pt x 143.17795pt.
<plots/mixings.pdf, id=23, 301.125pt x 191.71625pt>
File: plots/mixings.pdf Graphic file (type pdf)
<use plots/mixings.pdf>
Package pdftex.def Info: plots/mixings.pdf  used on input line 97.
(pdftex.def)             Requested size: 221.3985pt x 140.96387pt.

Underfull \hbox (badness 1728) in paragraph at lines 104--105
\OT1/cmr/m/n/10 heavy neu-tral lep-tons via lep-tonic and semilept-nic
 []


Underfull \hbox (badness 10000) in paragraph at lines 104--105

 []


LaTeX Warning: `h' float specifier changed to `ht'.

[2 <./plots/plot-fit431xf.pdf> <./plots/plot-fit431pt2.pdf

pdfTeX warning: pdflatex (file ./plots/plot-fit431pt2.pdf): PDF inclusion: mult
iple pdfs with page group included in a single page
> <./plots/mixings.pdf

pdfTeX warning: pdflatex (file ./plots/mixings.pdf): PDF inclusion: multiple pd
fs with page group included in a single page
>]

LaTeX Warning: A float is stuck (cannot be placed); try class option [floatfix]
 on input line 136.


Underfull \hbox (badness 1533) in paragraph at lines 138--140
\OT1/cmr/m/n/10 Fig. 3[] shows the max-i-mum branch-ing ra-tios for
 []


Underfull \hbox (badness 10000) in paragraph at lines 138--140

 []

<plots/br431.pdf, id=67, 301.125pt x 196.735pt>
File: plots/br431.pdf Graphic file (type pdf)
<use plots/br431.pdf>
Package pdftex.def Info: plots/br431.pdf  used on input line 143.
(pdftex.def)             Requested size: 221.3985pt x 144.654pt.

Underfull \hbox (badness 1275) in paragraph at lines 155--156
[]\OT1/cmr/bx/n/10 **Agregar mas ref-er-en-cias en la dis-tin-cion
 []


Underfull \hbox (badness 10000) in paragraph at lines 155--156

 []

[3 <./plots/br431.pdf>]
<plots/plotCC.pdf, id=85, 401.5pt x 259.97125pt>
File: plots/plotCC.pdf Graphic file (type pdf)
<use plots/plotCC.pdf>
Package pdftex.def Info: plots/plotCC.pdf  used on input line 186.
(pdftex.def)             Requested size: 246.0pt x 159.28831pt.
<plots/plotNC.pdf, id=86, 401.5pt x 259.97125pt>
File: plots/plotNC.pdf Graphic file (type pdf)
<use plots/plotNC.pdf>
Package pdftex.def Info: plots/plotNC.pdf  used on input line 187.
(pdftex.def)             Requested size: 246.0pt x 159.28831pt.

Underfull \hbox (badness 10000) in paragraph at lines 220--221

 []


Underfull \hbox (badness 10000) in paragraph at lines 226--227

 []

[4 <./plots/plotCC.pdf> <./plots/plotNC.pdf

pdfTeX warning: pdflatex (file ./plots/plotNC.pdf): PDF inclusion: multiple pdf
s with page group included in a single page
>]
<plots/meeting/meta.pdf, id=117, 301.125pt x 195.73125pt>
File: plots/meeting/meta.pdf Graphic file (type pdf)
<use plots/meeting/meta.pdf>
Package pdftex.def Info: plots/meeting/meta.pdf  used on input line 234.
(pdftex.def)             Requested size: 246.0pt x 159.90631pt.
<plots/meeting/energy-0.pdf, id=118, 301.125pt x 195.73125pt>
File: plots/meeting/energy-0.pdf Graphic file (type pdf)
<use plots/meeting/energy-0.pdf>
Package pdftex.def Info: plots/meeting/energy-0.pdf  used on input line 235.
(pdftex.def)             Requested size: 246.0pt x 159.90631pt.
<plots/meeting/energy-40.pdf, id=119, 301.125pt x 195.73125pt>
File: plots/meeting/energy-40.pdf Graphic file (type pdf)
<use plots/meeting/energy-40.pdf>
Package pdftex.def Info: plots/meeting/energy-40.pdf  used on input line 236.
(pdftex.def)             Requested size: 246.0pt x 159.90631pt.
<plots/meeting/energybar-40.pdf, id=120, 301.125pt x 195.73125pt>
File: plots/meeting/energybar-40.pdf Graphic file (type pdf)
<use plots/meeting/energybar-40.pdf>
Package pdftex.def Info: plots/meeting/energybar-40.pdf  used on input line 237
.
(pdftex.def)             Requested size: 246.0pt x 159.90631pt.
File: plots/meeting/energybar-40.pdf Graphic file (type pdf)
<use plots/meeting/energybar-40.pdf>
Package pdftex.def Info: plots/meeting/energybar-40.pdf  used on input line 238
.
(pdftex.def)             Requested size: 246.0pt x 159.90631pt.
 [5 <./plots/meeting/meta.pdf> <./plots/meeting/energy-0.pdf

pdfTeX warning: pdflatex (file ./plots/meeting/energy-0.pdf): PDF inclusion: mu
ltiple pdfs with page group included in a single page
> <./plots/meeting/energy-40.pdf

pdfTeX warning: pdflatex (file ./plots/meeting/energy-40.pdf): PDF inclusion: m
ultiple pdfs with page group included in a single page
> <./plots/meeting/energybar-40.pdf

pdfTeX warning: pdflatex (file ./plots/meeting/energybar-40.pdf): PDF inclusion
: multiple pdfs with page group included in a single page
>]
<plots/meeting/431-meta-19.pdf, id=153, 301.125pt x 201.75375pt>
File: plots/meeting/431-meta-19.pdf Graphic file (type pdf)
<use plots/meeting/431-meta-19.pdf>
Package pdftex.def Info: plots/meeting/431-meta-19.pdf  used on input line 243.

(pdftex.def)             Requested size: 246.0pt x 164.8265pt.
<plots/meeting/431-metabar-19.pdf, id=154, 301.125pt x 201.75375pt>
File: plots/meeting/431-metabar-19.pdf Graphic file (type pdf)
<use plots/meeting/431-metabar-19.pdf>
Package pdftex.def Info: plots/meeting/431-metabar-19.pdf  used on input line 2
44.
(pdftex.def)             Requested size: 246.0pt x 164.8265pt.
<plots/meeting/e-05-0.pdf, id=155, 301.125pt x 196.735pt>
File: plots/meeting/e-05-0.pdf Graphic file (type pdf)
<use plots/meeting/e-05-0.pdf>
Package pdftex.def Info: plots/meeting/e-05-0.pdf  used on input line 245.
(pdftex.def)             Requested size: 246.0pt x 160.72633pt.
<plots/meeting/e-05-40.pdf, id=156, 301.125pt x 196.735pt>
File: plots/meeting/e-05-40.pdf Graphic file (type pdf)
<use plots/meeting/e-05-40.pdf>
Package pdftex.def Info: plots/meeting/e-05-40.pdf  used on input line 246.
(pdftex.def)             Requested size: 246.0pt x 160.72633pt.
<plots/meeting/e-19-0.pdf, id=157, 301.125pt x 196.735pt>
File: plots/meeting/e-19-0.pdf Graphic file (type pdf)
<use plots/meeting/e-19-0.pdf>
Package pdftex.def Info: plots/meeting/e-19-0.pdf  used on input line 247.
(pdftex.def)             Requested size: 246.0pt x 160.72633pt.
 (./hnl-v1.bbl
Underfull \hbox (badness 3128) in paragraph at lines 56--62
 []\OT1/cmr/m/n/9 K. Bon-darenko, A. Bo-yarsky, D. Gor-bunov, and
 []

[6 <./plots/meeting/431-meta-19.pdf> <./plots/meeting/431-metabar-19.pdf

pdfTeX warning: pdflatex (file ./plots/meeting/431-metabar-19.pdf): PDF inclusi
on: multiple pdfs with page group included in a single page
> <./plots/meeting/e-05-0.pdf

pdfTeX warning: pdflatex (file ./plots/meeting/e-05-0.pdf): PDF inclusion: mult
iple pdfs with page group included in a single page
> <./plots/meeting/e-05-40.pdf

pdfTeX warning: pdflatex (file ./plots/meeting/e-05-40.pdf): PDF inclusion: mul
tiple pdfs with page group included in a single page
> <./plots/meeting/e-19-0.pdf

pdfTeX warning: pdflatex (file ./plots/meeting/e-19-0.pdf): PDF inclusion: mult
iple pdfs with page group included in a single page
>]
Underfull \hbox (badness 1297) in paragraph at lines 103--116
 []\OT1/cmr/m/n/9 M. Tan-abashi, K. Hagi-wara, K. Hikasa, K. Naka-
 []

) [7] (./hnl-v1.aux) ) 
Here is how much of TeX's memory you used:
 5775 strings out of 492982
 81374 string characters out of 6134896
 270467 words of memory out of 5000000
 9234 multiletter control sequences out of 15000+600000
 10943 words of font info for 43 fonts, out of 8000000 for 9000
 1141 hyphenation exceptions out of 8191
 42i,15n,43p,1297b,372s stack positions out of 5000i,500n,10000p,200000b,80000s
</usr/share/texlive/texmf-dist/fonts/type1/public/amsfont
s/cm/cmbx10.pfb></usr/share/texlive/texmf-dist/fonts/type1/public/amsfonts/cm/c
mbx12.pfb></usr/share/texlive/texmf-dist/fonts/type1/public/amsfonts/cm/cmbx9.p
fb></usr/share/texlive/texmf-dist/fonts/type1/public/amsfonts/cm/cmex10.pfb></u
sr/share/texlive/texmf-dist/fonts/type1/public/amsfonts/cm/cmmi10.pfb></usr/sha
re/texlive/texmf-dist/fonts/type1/public/amsfonts/cm/cmmi5.pfb></usr/share/texl
ive/texmf-dist/fonts/type1/public/amsfonts/cm/cmmi6.pfb></usr/share/texlive/tex
mf-dist/fonts/type1/public/amsfonts/cm/cmmi7.pfb></usr/share/texlive/texmf-dist
/fonts/type1/public/amsfonts/cm/cmmi9.pfb></usr/share/texlive/texmf-dist/fonts/
type1/public/amsfonts/cm/cmr10.pfb></usr/share/texlive/texmf-dist/fonts/type1/p
ublic/amsfonts/cm/cmr5.pfb></usr/share/texlive/texmf-dist/fonts/type1/public/am
sfonts/cm/cmr6.pfb></usr/share/texlive/texmf-dist/fonts/type1/public/amsfonts/c
m/cmr7.pfb></usr/share/texlive/texmf-dist/fonts/type1/public/amsfonts/cm/cmr9.p
fb></usr/share/texlive/texmf-dist/fonts/type1/public/amsfonts/cm/cmsy10.pfb></u
sr/share/texlive/texmf-dist/fonts/type1/public/amsfonts/cm/cmsy6.pfb></usr/shar
e/texlive/texmf-dist/fonts/type1/public/amsfonts/cm/cmsy7.pfb></usr/share/texli
ve/texmf-dist/fonts/type1/public/amsfonts/cm/cmsy9.pfb></usr/share/texlive/texm
f-dist/fonts/type1/public/amsfonts/cm/cmti7.pfb></usr/share/texlive/texmf-dist/
fonts/type1/public/amsfonts/cm/cmti9.pfb></usr/share/texlive/texmf-dist/fonts/t
ype1/public/amsfonts/cm/cmtt10.pfb>
Output written on hnl-v1.pdf (7 pages, 568279 bytes).
PDF statistics:
 268 PDF objects out of 1000 (max. 8388607)
 181 compressed objects within 2 object streams
 0 named destinations out of 1000 (max. 500000)
 76 words of extra memory for PDF output out of 10000 (max. 10000000)

