Invalid Context= "stock" line for icon theme:  "/usr/share/icons/ubuntu-mono-dark/stock/16/"
Invalid Context= "stock" line for icon theme:  "/usr/share/icons/ubuntu-mono-dark/stock/22/"
Invalid Context= "stock" line for icon theme:  "/usr/share/icons/ubuntu-mono-dark/stock/24/"
Invalid Context= "stock" line for icon theme:  "/usr/share/icons/ubuntu-mono-dark/stock/32/"
Invalid Context= "stock" line for icon theme:  "/usr/share/icons/ubuntu-mono-dark/stock/48/"
Invalid Context= "stock" line for icon theme:  "/usr/share/icons/ubuntu-mono-dark/stock/64/"
Invalid Context= "stock" line for icon theme:  "/usr/share/icons/ubuntu-mono-dark/stock/128/"
Invalid Context= "stock" line for icon theme:  "/usr/share/icons/ubuntu-mono-dark/stock/16/"
Invalid Context= "stock" line for icon theme:  "/usr/share/icons/ubuntu-mono-dark/stock/22/"
Invalid Context= "stock" line for icon theme:  "/usr/share/icons/ubuntu-mono-dark/stock/24/"
Invalid Context= "stock" line for icon theme:  "/usr/share/icons/ubuntu-mono-dark/stock/32/"
Invalid Context= "stock" line for icon theme:  "/usr/share/icons/ubuntu-mono-dark/stock/48/"
Invalid Context= "stock" line for icon theme:  "/usr/share/icons/ubuntu-mono-dark/stock/64/"
Invalid Context= "stock" line for icon theme:  "/usr/share/icons/ubuntu-mono-dark/stock/128/"
Settings::instance called after the first use - ignoring
Invalid Context= "stock" line for icon theme:  "/usr/share/icons/ubuntu-mono-dark/stock/16/"
Invalid Context= "stock" line for icon theme:  "/usr/share/icons/ubuntu-mono-dark/stock/22/"
Invalid Context= "stock" line for icon theme:  "/usr/share/icons/ubuntu-mono-dark/stock/24/"
Invalid Context= "stock" line for icon theme:  "/usr/share/icons/ubuntu-mono-dark/stock/32/"
Invalid Context= "stock" line for icon theme:  "/usr/share/icons/ubuntu-mono-dark/stock/48/"
Invalid Context= "stock" line for icon theme:  "/usr/share/icons/ubuntu-mono-dark/stock/64/"
Invalid Context= "stock" line for icon theme:  "/usr/share/icons/ubuntu-mono-dark/stock/128/"
Settings::instance called after the first use - ignoring
Invalid Context= "stock" line for icon theme:  "/usr/share/icons/ubuntu-mono-dark/stock/16/"
Invalid Context= "stock" line for icon theme:  "/usr/share/icons/ubuntu-mono-dark/stock/22/"
Invalid Context= "stock" line for icon theme:  "/usr/share/icons/ubuntu-mono-dark/stock/24/"
Invalid Context= "stock" line for icon theme:  "/usr/share/icons/ubuntu-mono-dark/stock/32/"
Invalid Context= "stock" line for icon theme:  "/usr/share/icons/ubuntu-mono-dark/stock/48/"
Invalid Context= "stock" line for icon theme:  "/usr/share/icons/ubuntu-mono-dark/stock/64/"
Invalid Context= "stock" line for icon theme:  "/usr/share/icons/ubuntu-mono-dark/stock/128/"
Settings::instance called after the first use - ignoring
Invalid Context= "stock" line for icon theme:  "/usr/share/icons/ubuntu-mono-dark/stock/16/"
Invalid Context= "stock" line for icon theme:  "/usr/share/icons/ubuntu-mono-dark/stock/22/"
Invalid Context= "stock" line for icon theme:  "/usr/share/icons/ubuntu-mono-dark/stock/24/"
Invalid Context= "stock" line for icon theme:  "/usr/share/icons/ubuntu-mono-dark/stock/32/"
Invalid Context= "stock" line for icon theme:  "/usr/share/icons/ubuntu-mono-dark/stock/48/"
Invalid Context= "stock" line for icon theme:  "/usr/share/icons/ubuntu-mono-dark/stock/64/"
Invalid Context= "stock" line for icon theme:  "/usr/share/icons/ubuntu-mono-dark/stock/128/"
Settings::instance called after the first use - ignoring
Invalid Context= "stock" line for icon theme:  "/usr/share/icons/ubuntu-mono-dark/stock/16/"
Invalid Context= "stock" line for icon theme:  "/usr/share/icons/ubuntu-mono-dark/stock/22/"
Invalid Context= "stock" line for icon theme:  "/usr/share/icons/ubuntu-mono-dark/stock/24/"
Invalid Context= "stock" line for icon theme:  "/usr/share/icons/ubuntu-mono-dark/stock/32/"
Invalid Context= "stock" line for icon theme:  "/usr/share/icons/ubuntu-mono-dark/stock/48/"
Invalid Context= "stock" line for icon theme:  "/usr/share/icons/ubuntu-mono-dark/stock/64/"
Invalid Context= "stock" line for icon theme:  "/usr/share/icons/ubuntu-mono-dark/stock/128/"
Settings::instance called after the first use - ignoring
Invalid Context= "stock" line for icon theme:  "/usr/share/icons/ubuntu-mono-dark/stock/16/"
Invalid Context= "stock" line for icon theme:  "/usr/share/icons/ubuntu-mono-dark/stock/22/"
Invalid Context= "stock" line for icon theme:  "/usr/share/icons/ubuntu-mono-dark/stock/24/"
Invalid Context= "stock" line for icon theme:  "/usr/share/icons/ubuntu-mono-dark/stock/32/"
Invalid Context= "stock" line for icon theme:  "/usr/share/icons/ubuntu-mono-dark/stock/48/"
Invalid Context= "stock" line for icon theme:  "/usr/share/icons/ubuntu-mono-dark/stock/64/"
Invalid Context= "stock" line for icon theme:  "/usr/share/icons/ubuntu-mono-dark/stock/128/"
Unsupported return type 65 QPixmap in method "grab"
Unsupported return type 65 QPixmap in method "grab"
Unsupported return type 1071 QAction* in method "addAction"
Skipped method "setDefaultShortcuts" : Pointers are not supported: QAction*
Settings::instance called after the first use - ignoring
Invalid Context= "stock" line for icon theme:  "/usr/share/icons/ubuntu-mono-dark/stock/16/"
Invalid Context= "stock" line for icon theme:  "/usr/share/icons/ubuntu-mono-dark/stock/22/"
Invalid Context= "stock" line for icon theme:  "/usr/share/icons/ubuntu-mono-dark/stock/24/"
Invalid Context= "stock" line for icon theme:  "/usr/share/icons/ubuntu-mono-dark/stock/32/"
Invalid Context= "stock" line for icon theme:  "/usr/share/icons/ubuntu-mono-dark/stock/48/"
Invalid Context= "stock" line for icon theme:  "/usr/share/icons/ubuntu-mono-dark/stock/64/"
Invalid Context= "stock" line for icon theme:  "/usr/share/icons/ubuntu-mono-dark/stock/128/"
